[1108/150017.199:ERROR:process_reader_win.cc(123)] NtOpenThread: {Отказ доступа} Процесс запросил доступ к объекту, однако права доступа не предоставлены.  (0xc0000022)
[1108/150017.206:ERROR:exception_snapshot_win.cc(87)] thread ID 10656 not found in process
[1108/150017.207:WARNING:crash_report_exception_handler.cc(62)] ProcessSnapshotWin::Initialize failed
[1110/131751.382:ERROR:process_reader_win.cc(123)] NtOpenThread: {Отказ доступа} Процесс запросил доступ к объекту, однако права доступа не предоставлены.  (0xc0000022)
[1110/131751.389:ERROR:exception_snapshot_win.cc(87)] thread ID 13068 not found in process
[1110/131751.389:WARNING:crash_report_exception_handler.cc(62)] ProcessSnapshotWin::Initialize failed
[1110/141054.031:ERROR:process_reader_win.cc(151)] SuspendThread: Отказано в доступе. (0x5)
[1110/141054.044:ERROR:process_reader_win.cc(151)] SuspendThread: Отказано в доступе. (0x5)
[1110/141054.045:ERROR:process_reader_win.cc(151)] SuspendThread: Отказано в доступе. (0x5)
[1110/141054.045:ERROR:process_reader_win.cc(151)] SuspendThread: Отказано в доступе. (0x5)
[1110/141054.045:ERROR:process_reader_win.cc(151)] SuspendThread: Отказано в доступе. (0x5)
[1110/141054.045:ERROR:process_reader_win.cc(123)] NtOpenThread: {Отказ доступа} Процесс запросил доступ к объекту, однако права доступа не предоставлены.  (0xc0000022)
[1110/141054.046:ERROR:exception_snapshot_win.cc(87)] thread ID 12960 not found in process
[1110/141054.046:WARNING:crash_report_exception_handler.cc(62)] ProcessSnapshotWin::Initialize failed
[1110/141054.051:ERROR:process_reader_win.cc(123)] NtOpenThread: {Отказ доступа} Процесс запросил доступ к объекту, однако права доступа не предоставлены.  (0xc0000022)
[1110/141054.052:ERROR:exception_snapshot_win.cc(87)] thread ID 5320 not found in process
[1110/141054.052:WARNING:crash_report_exception_handler.cc(62)] ProcessSnapshotWin::Initialize failed
[1110/141707.713:ERROR:process_reader_win.cc(123)] NtOpenThread: {Отказ доступа} Процесс запросил доступ к объекту, однако права доступа не предоставлены.  (0xc0000022)
[1110/141707.714:ERROR:exception_snapshot_win.cc(87)] thread ID 11688 not found in process
[1110/141707.714:WARNING:crash_report_exception_handler.cc(62)] ProcessSnapshotWin::Initialize failed
[1110/171559.155:ERROR:process_reader_win.cc(123)] NtOpenThread: {Отказ доступа} Процесс запросил доступ к объекту, однако права доступа не предоставлены.  (0xc0000022)
[1110/171559.156:ERROR:exception_snapshot_win.cc(87)] thread ID 6164 not found in process
[1110/171559.156:WARNING:crash_report_exception_handler.cc(62)] ProcessSnapshotWin::Initialize failed
[1110/223912.974:ERROR:process_reader_win.cc(123)] NtOpenThread: {Отказ доступа} Процесс запросил доступ к объекту, однако права доступа не предоставлены.  (0xc0000022)
[1110/223912.975:ERROR:exception_snapshot_win.cc(87)] thread ID 6352 not found in process
[1110/223912.975:WARNING:crash_report_exception_handler.cc(62)] ProcessSnapshotWin::Initialize failed
[1115/170408.770:ERROR:process_reader_win.cc(123)] NtOpenThread: {Отказ доступа} Процесс запросил доступ к объекту, однако права доступа не предоставлены.  (0xc0000022)
[1115/170408.780:ERROR:exception_snapshot_win.cc(87)] thread ID 18148 not found in process
[1115/170408.780:WARNING:crash_report_exception_handler.cc(62)] ProcessSnapshotWin::Initialize failed
[1116/112021.513:ERROR:process_reader_win.cc(123)] NtOpenThread: {Отказ доступа} Процесс запросил доступ к объекту, однако права доступа не предоставлены.  (0xc0000022)
[1116/112021.515:ERROR:exception_snapshot_win.cc(87)] thread ID 15552 not found in process
[1116/112021.515:WARNING:crash_report_exception_handler.cc(62)] ProcessSnapshotWin::Initialize failed
[1121/161233.679:ERROR:process_reader_win.cc(123)] NtOpenThread: {Отказ доступа} Процесс запросил доступ к объекту, однако права доступа не предоставлены.  (0xc0000022)
[1121/161233.689:ERROR:exception_snapshot_win.cc(87)] thread ID 19332 not found in process
[1121/161233.689:WARNING:crash_report_exception_handler.cc(62)] ProcessSnapshotWin::Initialize failed
[1121/171030.779:ERROR:process_reader_win.cc(123)] NtOpenThread: {Отказ доступа} Процесс запросил доступ к объекту, однако права доступа не предоставлены.  (0xc0000022)
[1121/171030.780:ERROR:exception_snapshot_win.cc(87)] thread ID 13568 not found in process
[1121/171030.780:WARNING:crash_report_exception_handler.cc(62)] ProcessSnapshotWin::Initialize failed
[1121/182255.251:ERROR:process_reader_win.cc(123)] NtOpenThread: {Отказ доступа} Процесс запросил доступ к объекту, однако права доступа не предоставлены.  (0xc0000022)
[1121/182255.253:ERROR:exception_snapshot_win.cc(87)] thread ID 19216 not found in process
[1121/182255.253:WARNING:crash_report_exception_handler.cc(62)] ProcessSnapshotWin::Initialize failed
[1121/184537.112:ERROR:process_reader_win.cc(123)] NtOpenThread: {Отказ доступа} Процесс запросил доступ к объекту, однако права доступа не предоставлены.  (0xc0000022)
[1121/184537.114:ERROR:exception_snapshot_win.cc(87)] thread ID 18900 not found in process
[1121/184537.114:WARNING:crash_report_exception_handler.cc(62)] ProcessSnapshotWin::Initialize failed
[1121/185534.380:ERROR:process_reader_win.cc(151)] SuspendThread: Отказано в доступе. (0x5)
[1121/185534.381:ERROR:process_reader_win.cc(151)] SuspendThread: Отказано в доступе. (0x5)
[1121/185534.381:ERROR:process_reader_win.cc(123)] NtOpenThread: {Отказ доступа} Процесс запросил доступ к объекту, однако права доступа не предоставлены.  (0xc0000022)
[1121/185534.380:ERROR:process_reader_win.cc(151)] SuspendThread: Отказано в доступе. (0x5)
[1121/185534.382:ERROR:exception_snapshot_win.cc(87)] thread ID 3108 not found in process
[1121/185534.382:WARNING:crash_report_exception_handler.cc(62)] ProcessSnapshotWin::Initialize failed
[1121/185534.382:ERROR:process_reader_win.cc(151)] SuspendThread: Отказано в доступе. (0x5)
[1121/185534.382:ERROR:process_reader_win.cc(151)] SuspendThread: Отказано в доступе. (0x5)
[1121/185534.382:ERROR:process_reader_win.cc(151)] SuspendThread: Отказано в доступе. (0x5)
[1121/185534.382:ERROR:process_reader_win.cc(151)] SuspendThread: Отказано в доступе. (0x5)
[1121/185534.382:ERROR:process_reader_win.cc(151)] SuspendThread: Отказано в доступе. (0x5)
[1121/185534.382:ERROR:process_reader_win.cc(151)] SuspendThread: Отказано в доступе. (0x5)
[1121/185534.382:ERROR:process_reader_win.cc(151)] SuspendThread: Отказано в доступе. (0x5)
[1121/185534.382:ERROR:process_reader_win.cc(151)] SuspendThread: Отказано в доступе. (0x5)
[1121/185534.382:ERROR:process_reader_win.cc(151)] SuspendThread: Отказано в доступе. (0x5)
[1121/185534.382:ERROR:process_reader_win.cc(151)] SuspendThread: Отказано в доступе. (0x5)
[1121/185534.382:ERROR:process_reader_win.cc(151)] SuspendThread: Отказано в доступе. (0x5)
[1121/185534.382:ERROR:process_reader_win.cc(151)] SuspendThread: Отказано в доступе. (0x5)
[1121/185534.382:ERROR:process_reader_win.cc(151)] SuspendThread: Отказано в доступе. (0x5)
[1121/185534.382:ERROR:process_reader_win.cc(151)] SuspendThread: Отказано в доступе. (0x5)
[1121/185534.382:ERROR:process_reader_win.cc(151)] SuspendThread: Отказано в доступе. (0x5)
[1121/185534.382:ERROR:process_reader_win.cc(151)] SuspendThread: Отказано в доступе. (0x5)
[1121/185534.382:ERROR:process_reader_win.cc(151)] SuspendThread: Отказано в доступе. (0x5)
[1121/185534.382:ERROR:process_reader_win.cc(151)] SuspendThread: Отказано в доступе. (0x5)
[1121/185534.382:ERROR:process_reader_win.cc(123)] NtOpenThread: {Отказ доступа} Процесс запросил доступ к объекту, однако права доступа не предоставлены.  (0xc0000022)
[1121/185534.382:ERROR:exception_snapshot_win.cc(87)] thread ID 19076 not found in process
[1121/185534.382:WARNING:crash_report_exception_handler.cc(62)] ProcessSnapshotWin::Initialize failed
[1121/190225.554:ERROR:process_reader_win.cc(123)] NtOpenThread: {Отказ доступа} Процесс запросил доступ к объекту, однако права доступа не предоставлены.  (0xc0000022)
[1121/190225.556:ERROR:exception_snapshot_win.cc(87)] thread ID 12572 not found in process
[1121/190225.556:WARNING:crash_report_exception_handler.cc(62)] ProcessSnapshotWin::Initialize failed
[1121/191945.035:ERROR:process_reader_win.cc(123)] NtOpenThread: {Отказ доступа} Процесс запросил доступ к объекту, однако права доступа не предоставлены.  (0xc0000022)
[1121/191945.036:ERROR:exception_snapshot_win.cc(87)] thread ID 18508 not found in process
[1121/191945.036:WARNING:crash_report_exception_handler.cc(62)] ProcessSnapshotWin::Initialize failed
[1121/191949.664:ERROR:process_reader_win.cc(123)] NtOpenThread: {Отказ доступа} Процесс запросил доступ к объекту, однако права доступа не предоставлены.  (0xc0000022)
[1121/191949.666:ERROR:exception_snapshot_win.cc(87)] thread ID 7716 not found in process
[1121/191949.666:WARNING:crash_report_exception_handler.cc(62)] ProcessSnapshotWin::Initialize failed
[1123/104644.377:ERROR:process_reader_win.cc(123)] NtOpenThread: {Отказ доступа} Процесс запросил доступ к объекту, однако права доступа не предоставлены.  (0xc0000022)
[1123/104644.378:ERROR:exception_snapshot_win.cc(87)] thread ID 4056 not found in process
[1123/104644.378:WARNING:crash_report_exception_handler.cc(62)] ProcessSnapshotWin::Initialize failed
[1123/105834.894:ERROR:process_reader_win.cc(123)] NtOpenThread: {Отказ доступа} Процесс запросил доступ к объекту, однако права доступа не предоставлены.  (0xc0000022)
[1123/105834.895:ERROR:exception_snapshot_win.cc(87)] thread ID 17920 not found in process
[1123/105834.895:WARNING:crash_report_exception_handler.cc(62)] ProcessSnapshotWin::Initialize failed
[1123/110506.107:ERROR:process_reader_win.cc(123)] NtOpenThread: {Отказ доступа} Процесс запросил доступ к объекту, однако права доступа не предоставлены.  (0xc0000022)
[1123/110506.110:ERROR:exception_snapshot_win.cc(87)] thread ID 11416 not found in process
[1123/110506.110:WARNING:crash_report_exception_handler.cc(62)] ProcessSnapshotWin::Initialize failed
[1123/125350.481:ERROR:process_reader_win.cc(123)] NtOpenThread: {Отказ доступа} Процесс запросил доступ к объекту, однако права доступа не предоставлены.  (0xc0000022)
[1123/125350.482:ERROR:exception_snapshot_win.cc(87)] thread ID 16996 not found in process
[1123/125350.482:WARNING:crash_report_exception_handler.cc(62)] ProcessSnapshotWin::Initialize failed
[1123/131144.700:ERROR:process_reader_win.cc(123)] NtOpenThread: {Отказ доступа} Процесс запросил доступ к объекту, однако права доступа не предоставлены.  (0xc0000022)
[1123/131144.701:ERROR:exception_snapshot_win.cc(87)] thread ID 18252 not found in process
[1123/131144.701:WARNING:crash_report_exception_handler.cc(62)] ProcessSnapshotWin::Initialize failed
[1123/164312.630:ERROR:process_reader_win.cc(123)] NtOpenThread: {Отказ доступа} Процесс запросил доступ к объекту, однако права доступа не предоставлены.  (0xc0000022)
[1123/164312.631:ERROR:exception_snapshot_win.cc(87)] thread ID 15464 not found in process
[1123/164312.631:WARNING:crash_report_exception_handler.cc(62)] ProcessSnapshotWin::Initialize failed
[1123/164951.485:ERROR:process_reader_win.cc(123)] NtOpenThread: {Отказ доступа} Процесс запросил доступ к объекту, однако права доступа не предоставлены.  (0xc0000022)
[1123/164951.487:ERROR:exception_snapshot_win.cc(87)] thread ID 14936 not found in process
[1123/164951.487:WARNING:crash_report_exception_handler.cc(62)] ProcessSnapshotWin::Initialize failed
[1123/164951.509:ERROR:process_reader_win.cc(123)] NtOpenThread: {Отказ доступа} Процесс запросил доступ к объекту, однако права доступа не предоставлены.  (0xc0000022)
[1123/164951.510:ERROR:exception_snapshot_win.cc(87)] thread ID 15672 not found in process
[1123/164951.511:WARNING:crash_report_exception_handler.cc(62)] ProcessSnapshotWin::Initialize failed
[1123/173726.708:ERROR:process_reader_win.cc(123)] NtOpenThread: {Отказ доступа} Процесс запросил доступ к объекту, однако права доступа не предоставлены.  (0xc0000022)
[1123/173726.710:ERROR:exception_snapshot_win.cc(87)] thread ID 13676 not found in process
[1123/173726.710:WARNING:crash_report_exception_handler.cc(62)] ProcessSnapshotWin::Initialize failed
[1123/174413.042:ERROR:process_reader_win.cc(123)] NtOpenThread: {Отказ доступа} Процесс запросил доступ к объекту, однако права доступа не предоставлены.  (0xc0000022)
[1123/174413.043:ERROR:exception_snapshot_win.cc(87)] thread ID 16624 not found in process
[1123/174413.043:WARNING:crash_report_exception_handler.cc(62)] ProcessSnapshotWin::Initialize failed
[1206/171748.283:ERROR:process_reader_win.cc(123)] NtOpenThread: {Отказ доступа} Процесс запросил доступ к объекту, однако права доступа не предоставлены.  (0xc0000022)
[1206/171748.300:ERROR:exception_snapshot_win.cc(87)] thread ID 16156 not found in process
[1206/171748.300:WARNING:crash_report_exception_handler.cc(62)] ProcessSnapshotWin::Initialize failed
[1206/172009.431:ERROR:process_reader_win.cc(123)] NtOpenThread: {Отказ доступа} Процесс запросил доступ к объекту, однако права доступа не предоставлены.  (0xc0000022)
[1206/172009.432:ERROR:exception_snapshot_win.cc(87)] thread ID 9032 not found in process
[1206/172009.432:WARNING:crash_report_exception_handler.cc(62)] ProcessSnapshotWin::Initialize failed
[1206/172009.471:ERROR:process_reader_win.cc(123)] NtOpenThread: {Отказ доступа} Процесс запросил доступ к объекту, однако права доступа не предоставлены.  (0xc0000022)
[1206/172009.475:ERROR:exception_snapshot_win.cc(87)] thread ID 19736 not found in process
[1206/172009.475:WARNING:crash_report_exception_handler.cc(62)] ProcessSnapshotWin::Initialize failed
[1206/172635.420:ERROR:process_reader_win.cc(123)] NtOpenThread: {Отказ доступа} Процесс запросил доступ к объекту, однако права доступа не предоставлены.  (0xc0000022)
[1206/172635.421:ERROR:exception_snapshot_win.cc(87)] thread ID 12296 not found in process
[1206/172635.421:WARNING:crash_report_exception_handler.cc(62)] ProcessSnapshotWin::Initialize failed
[1206/180405.994:ERROR:process_reader_win.cc(123)] NtOpenThread: {Отказ доступа} Процесс запросил доступ к объекту, однако права доступа не предоставлены.  (0xc0000022)
[1206/180405.996:ERROR:exception_snapshot_win.cc(87)] thread ID 20028 not found in process
[1206/180405.996:WARNING:crash_report_exception_handler.cc(62)] ProcessSnapshotWin::Initialize failed
[1206/180410.800:ERROR:process_reader_win.cc(151)] SuspendThread: Отказано в доступе. (0x5)
[1206/180410.801:ERROR:process_reader_win.cc(151)] SuspendThread: Отказано в доступе. (0x5)
[1206/180410.801:ERROR:process_reader_win.cc(123)] NtOpenThread: {Отказ доступа} Процесс запросил доступ к объекту, однако права доступа не предоставлены.  (0xc0000022)
[1206/180410.802:ERROR:exception_snapshot_win.cc(87)] thread ID 18124 not found in process
[1206/180410.802:WARNING:crash_report_exception_handler.cc(62)] ProcessSnapshotWin::Initialize failed
[1207/132452.654:ERROR:process_reader_win.cc(123)] NtOpenThread: {Отказ доступа} Процесс запросил доступ к объекту, однако права доступа не предоставлены.  (0xc0000022)
[1207/132452.655:ERROR:exception_snapshot_win.cc(87)] thread ID 19972 not found in process
[1207/132452.655:WARNING:crash_report_exception_handler.cc(62)] ProcessSnapshotWin::Initialize failed
[1207/133541.266:ERROR:process_reader_win.cc(123)] NtOpenThread: {Отказ доступа} Процесс запросил доступ к объекту, однако права доступа не предоставлены.  (0xc0000022)
[1207/133541.268:ERROR:exception_snapshot_win.cc(87)] thread ID 21076 not found in process
[1207/133541.268:WARNING:crash_report_exception_handler.cc(62)] ProcessSnapshotWin::Initialize failed
[1207/151141.796:ERROR:process_reader_win.cc(151)] SuspendThread: Отказано в доступе. (0x5)
[1207/151141.798:ERROR:process_reader_win.cc(151)] SuspendThread: Отказано в доступе. (0x5)
[1207/151141.798:ERROR:process_reader_win.cc(123)] NtOpenThread: Указан неверный код клиента.  (0xc000000b)
[1207/151141.798:ERROR:process_reader_win.cc(151)] SuspendThread: Отказано в доступе. (0x5)
[1207/151141.796:ERROR:process_reader_win.cc(151)] SuspendThread: Отказано в доступе. (0x5)
[1207/151141.798:ERROR:process_reader_win.cc(151)] SuspendThread: Отказано в доступе. (0x5)
[1207/151141.798:ERROR:process_reader_win.cc(151)] SuspendThread: Отказано в доступе. (0x5)
[1207/151141.798:ERROR:process_reader_win.cc(151)] SuspendThread: Отказано в доступе. (0x5)
[1207/151141.798:ERROR:process_reader_win.cc(151)] SuspendThread: Отказано в доступе. (0x5)
[1207/151141.798:ERROR:process_reader_win.cc(151)] SuspendThread: Отказано в доступе. (0x5)
[1207/151141.798:ERROR:process_reader_win.cc(151)] SuspendThread: Отказано в доступе. (0x5)
[1207/151141.798:ERROR:process_reader_win.cc(151)] SuspendThread: Отказано в доступе. (0x5)
[1207/151141.798:ERROR:process_reader_win.cc(151)] SuspendThread: Отказано в доступе. (0x5)
[1207/151141.798:ERROR:process_reader_win.cc(151)] SuspendThread: Отказано в доступе. (0x5)
[1207/151141.798:ERROR:process_reader_win.cc(151)] SuspendThread: Отказано в доступе. (0x5)
[1207/151141.798:ERROR:process_reader_win.cc(151)] SuspendThread: Отказано в доступе. (0x5)
[1207/151141.798:ERROR:process_reader_win.cc(151)] SuspendThread: Отказано в доступе. (0x5)
[1207/151141.799:ERROR:process_reader_win.cc(151)] SuspendThread: Отказано в доступе. (0x5)
[1207/151141.799:ERROR:process_reader_win.cc(151)] SuspendThread: Отказано в доступе. (0x5)
[1207/151141.799:ERROR:process_reader_win.cc(151)] SuspendThread: Отказано в доступе. (0x5)
[1207/151141.799:ERROR:process_reader_win.cc(151)] SuspendThread: Отказано в доступе. (0x5)
[1207/151141.799:ERROR:process_reader_win.cc(151)] SuspendThread: Отказано в доступе. (0x5)
[1207/151141.799:ERROR:process_reader_win.cc(123)] NtOpenThread: {Отказ доступа} Процесс запросил доступ к объекту, однако права доступа не предоставлены.  (0xc0000022)
[1207/151141.799:ERROR:exception_snapshot_win.cc(87)] thread ID 20188 not found in process
[1207/151141.799:WARNING:crash_report_exception_handler.cc(62)] ProcessSnapshotWin::Initialize failed
[1207/151141.798:ERROR:process_reader_win.cc(123)] NtOpenThread: Указан неверный код клиента.  (0xc000000b)
[1207/151141.799:ERROR:process_reader_win.cc(151)] SuspendThread: Отказано в доступе. (0x5)
[1207/151141.799:ERROR:process_reader_win.cc(151)] SuspendThread: Отказано в доступе. (0x5)
[1207/151141.799:ERROR:process_reader_win.cc(151)] SuspendThread: Отказано в доступе. (0x5)
[1207/151141.799:ERROR:process_reader_win.cc(151)] SuspendThread: Отказано в доступе. (0x5)
[1207/151141.799:ERROR:process_reader_win.cc(151)] SuspendThread: Отказано в доступе. (0x5)
[1207/151141.799:ERROR:process_reader_win.cc(151)] SuspendThread: Отказано в доступе. (0x5)
[1207/151141.799:ERROR:process_reader_win.cc(151)] SuspendThread: Отказано в доступе. (0x5)
[1207/151141.799:ERROR:process_reader_win.cc(151)] SuspendThread: Отказано в доступе. (0x5)
[1207/151141.799:ERROR:process_reader_win.cc(151)] SuspendThread: Отказано в доступе. (0x5)
[1207/151141.799:ERROR:process_reader_win.cc(151)] SuspendThread: Отказано в доступе. (0x5)
[1207/151141.799:ERROR:process_reader_win.cc(151)] SuspendThread: Отказано в доступе. (0x5)
[1207/151141.799:ERROR:process_reader_win.cc(151)] SuspendThread: Отказано в доступе. (0x5)
[1207/151141.799:ERROR:process_reader_win.cc(151)] SuspendThread: Отказано в доступе. (0x5)
[1207/151141.799:ERROR:process_reader_win.cc(151)] SuspendThread: Отказано в доступе. (0x5)
[1207/151141.799:ERROR:process_reader_win.cc(123)] NtOpenThread: {Отказ доступа} Процесс запросил доступ к объекту, однако права доступа не предоставлены.  (0xc0000022)
[1207/151141.799:ERROR:exception_snapshot_win.cc(87)] thread ID 21388 not found in process
[1207/151141.799:WARNING:crash_report_exception_handler.cc(62)] ProcessSnapshotWin::Initialize failed
[1212/175122.499:ERROR:process_reader_win.cc(123)] NtOpenThread: {Отказ доступа} Процесс запросил доступ к объекту, однако права доступа не предоставлены.  (0xc0000022)
[1212/175122.501:ERROR:exception_snapshot_win.cc(87)] thread ID 22808 not found in process
[1212/175122.501:WARNING:crash_report_exception_handler.cc(62)] ProcessSnapshotWin::Initialize failed
[1212/175651.741:ERROR:process_reader_win.cc(123)] NtOpenThread: {Отказ доступа} Процесс запросил доступ к объекту, однако права доступа не предоставлены.  (0xc0000022)
[1212/175651.743:ERROR:exception_snapshot_win.cc(87)] thread ID 18880 not found in process
[1212/175651.743:WARNING:crash_report_exception_handler.cc(62)] ProcessSnapshotWin::Initialize failed
[1215/152053.909:ERROR:process_reader_win.cc(123)] NtOpenThread: {Отказ доступа} Процесс запросил доступ к объекту, однако права доступа не предоставлены.  (0xc0000022)
[1215/152053.930:ERROR:exception_snapshot_win.cc(87)] thread ID 15028 not found in process
[1215/152053.930:WARNING:crash_report_exception_handler.cc(62)] ProcessSnapshotWin::Initialize failed
[1220/154259.969:ERROR:process_reader_win.cc(123)] NtOpenThread: {Отказ доступа} Процесс запросил доступ к объекту, однако права доступа не предоставлены.  (0xc0000022)
[1220/154259.973:ERROR:exception_snapshot_win.cc(87)] thread ID 9960 not found in process
[1220/154259.973:WARNING:crash_report_exception_handler.cc(62)] ProcessSnapshotWin::Initialize failed
[1220/155106.177:ERROR:process_reader_win.cc(123)] NtOpenThread: {Отказ доступа} Процесс запросил доступ к объекту, однако права доступа не предоставлены.  (0xc0000022)
[1220/155106.178:ERROR:exception_snapshot_win.cc(87)] thread ID 6396 not found in process
[1220/155106.178:WARNING:crash_report_exception_handler.cc(62)] ProcessSnapshotWin::Initialize failed
[1227/135929.171:ERROR:process_reader_win.cc(123)] NtOpenThread: {Отказ доступа} Процесс запросил доступ к объекту, однако права доступа не предоставлены.  (0xc0000022)
[1227/135929.175:ERROR:exception_snapshot_win.cc(87)] thread ID 17736 not found in process
[1227/135929.175:WARNING:crash_report_exception_handler.cc(62)] ProcessSnapshotWin::Initialize failed
[1227/152903.132:ERROR:process_reader_win.cc(123)] NtOpenThread: {Отказ доступа} Процесс запросил доступ к объекту, однако права доступа не предоставлены.  (0xc0000022)
[1227/152903.133:ERROR:exception_snapshot_win.cc(87)] thread ID 3404 not found in process
[1227/152903.133:WARNING:crash_report_exception_handler.cc(62)] ProcessSnapshotWin::Initialize failed
[1227/174141.222:ERROR:process_reader_win.cc(123)] NtOpenThread: {Отказ доступа} Процесс запросил доступ к объекту, однако права доступа не предоставлены.  (0xc0000022)
[1227/174141.224:ERROR:exception_snapshot_win.cc(87)] thread ID 15844 not found in process
[1227/174141.224:WARNING:crash_report_exception_handler.cc(62)] ProcessSnapshotWin::Initialize failed
[1227/180219.027:ERROR:process_reader_win.cc(151)] SuspendThread: Отказано в доступе. (0x5)
[1227/180219.030:ERROR:process_reader_win.cc(151)] SuspendThread: Отказано в доступе. (0x5)
[1227/180219.030:ERROR:process_reader_win.cc(151)] SuspendThread: Отказано в доступе. (0x5)
[1227/180219.030:ERROR:process_reader_win.cc(151)] SuspendThread: Отказано в доступе. (0x5)
[1227/180219.030:ERROR:process_reader_win.cc(151)] SuspendThread: Отказано в доступе. (0x5)
[1227/180219.030:ERROR:process_reader_win.cc(151)] SuspendThread: Отказано в доступе. (0x5)
[1227/180219.030:ERROR:process_reader_win.cc(123)] NtOpenThread: {Отказ доступа} Процесс запросил доступ к объекту, однако права доступа не предоставлены.  (0xc0000022)
[1227/180219.031:ERROR:exception_snapshot_win.cc(87)] thread ID 8880 not found in process
[1227/180219.031:WARNING:crash_report_exception_handler.cc(62)] ProcessSnapshotWin::Initialize failed
[0110/103134.434:ERROR:process_reader_win.cc(123)] NtOpenThread: {Отказ доступа} Процесс запросил доступ к объекту, однако права доступа не предоставлены.  (0xc0000022)
[0110/103134.437:ERROR:exception_snapshot_win.cc(87)] thread ID 26548 not found in process
[0110/103134.437:WARNING:crash_report_exception_handler.cc(62)] ProcessSnapshotWin::Initialize failed
[0110/111724.912:ERROR:process_reader_win.cc(123)] NtOpenThread: {Отказ доступа} Процесс запросил доступ к объекту, однако права доступа не предоставлены.  (0xc0000022)
[0110/111724.912:ERROR:exception_snapshot_win.cc(87)] thread ID 26656 not found in process
[0110/111724.912:WARNING:crash_report_exception_handler.cc(62)] ProcessSnapshotWin::Initialize failed
[0110/112403.925:ERROR:process_reader_win.cc(123)] NtOpenThread: {Отказ доступа} Процесс запросил доступ к объекту, однако права доступа не предоставлены.  (0xc0000022)
[0110/112403.929:ERROR:exception_snapshot_win.cc(87)] thread ID 26276 not found in process
[0110/112403.929:WARNING:crash_report_exception_handler.cc(62)] ProcessSnapshotWin::Initialize failed
[0111/174450.021:ERROR:process_reader_win.cc(123)] NtOpenThread: {Отказ доступа} Процесс запросил доступ к объекту, однако права доступа не предоставлены.  (0xc0000022)
[0111/174450.032:ERROR:exception_snapshot_win.cc(87)] thread ID 8156 not found in process
[0111/174450.032:WARNING:crash_report_exception_handler.cc(62)] ProcessSnapshotWin::Initialize failed
[0111/174450.193:ERROR:process_reader_win.cc(151)] SuspendThread: Отказано в доступе. (0x5)
[0111/174450.196:ERROR:process_reader_win.cc(151)] SuspendThread: Отказано в доступе. (0x5)
[0111/174450.196:ERROR:process_reader_win.cc(151)] SuspendThread: Отказано в доступе. (0x5)
[0111/174450.196:ERROR:process_reader_win.cc(151)] SuspendThread: Отказано в доступе. (0x5)
[0111/174450.196:ERROR:process_reader_win.cc(151)] SuspendThread: Отказано в доступе. (0x5)
[0111/174450.196:ERROR:process_reader_win.cc(151)] SuspendThread: Отказано в доступе. (0x5)
[0111/174450.196:ERROR:process_reader_win.cc(151)] SuspendThread: Отказано в доступе. (0x5)
[0111/174450.196:ERROR:process_reader_win.cc(151)] SuspendThread: Отказано в доступе. (0x5)
[0111/174450.196:ERROR:process_reader_win.cc(151)] SuspendThread: Отказано в доступе. (0x5)
[0111/174450.196:ERROR:process_reader_win.cc(151)] SuspendThread: Отказано в доступе. (0x5)
[0111/174450.196:ERROR:process_reader_win.cc(151)] SuspendThread: Отказано в доступе. (0x5)
[0111/174450.196:ERROR:process_reader_win.cc(151)] SuspendThread: Отказано в доступе. (0x5)
[0111/174450.196:ERROR:process_reader_win.cc(151)] SuspendThread: Отказано в доступе. (0x5)
[0111/174450.197:ERROR:process_reader_win.cc(151)] SuspendThread: Отказано в доступе. (0x5)
[0111/174450.197:ERROR:process_reader_win.cc(151)] SuspendThread: Отказано в доступе. (0x5)
[0111/174450.197:ERROR:process_reader_win.cc(151)] SuspendThread: Отказано в доступе. (0x5)
[0111/174450.197:ERROR:process_reader_win.cc(151)] SuspendThread: Отказано в доступе. (0x5)
[0111/174450.197:ERROR:process_reader_win.cc(151)] SuspendThread: Отказано в доступе. (0x5)
[0111/174450.197:ERROR:process_reader_win.cc(123)] NtOpenThread: {Отказ доступа} Процесс запросил доступ к объекту, однако права доступа не предоставлены.  (0xc0000022)
[0111/174450.197:ERROR:exception_snapshot_win.cc(87)] thread ID 9280 not found in process
[0111/174450.197:WARNING:crash_report_exception_handler.cc(62)] ProcessSnapshotWin::Initialize failed
[0119/102443.003:ERROR:process_reader_win.cc(123)] NtOpenThread: {Отказ доступа} Процесс запросил доступ к объекту, однако права доступа не предоставлены.  (0xc0000022)
[0119/102443.004:ERROR:exception_snapshot_win.cc(87)] thread ID 9040 not found in process
[0119/102443.004:WARNING:crash_report_exception_handler.cc(62)] ProcessSnapshotWin::Initialize failed
[0119/154738.445:ERROR:process_reader_win.cc(151)] SuspendThread: Отказано в доступе. (0x5)
[0119/154738.455:ERROR:process_reader_win.cc(151)] SuspendThread: Отказано в доступе. (0x5)
[0119/154738.455:ERROR:process_reader_win.cc(151)] SuspendThread: Отказано в доступе. (0x5)
[0119/154738.455:ERROR:process_reader_win.cc(123)] NtOpenThread: {Отказ доступа} Процесс запросил доступ к объекту, однако права доступа не предоставлены.  (0xc0000022)
[0119/154738.455:ERROR:exception_snapshot_win.cc(87)] thread ID 10408 not found in process
[0119/154738.455:WARNING:crash_report_exception_handler.cc(62)] ProcessSnapshotWin::Initialize failed
[0122/172711.549:ERROR:process_reader_win.cc(151)] SuspendThread: Отказано в доступе. (0x5)
[0122/172711.552:ERROR:process_reader_win.cc(123)] NtOpenThread: {Отказ доступа} Процесс запросил доступ к объекту, однако права доступа не предоставлены.  (0xc0000022)
[0122/172711.552:ERROR:exception_snapshot_win.cc(87)] thread ID 10964 not found in process
[0122/172711.552:WARNING:crash_report_exception_handler.cc(62)] ProcessSnapshotWin::Initialize failed
[0122/172711.549:ERROR:process_reader_win.cc(151)] SuspendThread: Отказано в доступе. (0x5)
[0122/172711.553:ERROR:process_reader_win.cc(151)] SuspendThread: Отказано в доступе. (0x5)
[0122/172711.553:ERROR:process_reader_win.cc(151)] SuspendThread: Отказано в доступе. (0x5)
[0122/172711.553:ERROR:process_reader_win.cc(151)] SuspendThread: Отказано в доступе. (0x5)
[0122/172711.553:ERROR:process_reader_win.cc(151)] SuspendThread: Отказано в доступе. (0x5)
[0122/172711.553:ERROR:process_reader_win.cc(151)] SuspendThread: Отказано в доступе. (0x5)
[0122/172711.553:ERROR:process_reader_win.cc(151)] SuspendThread: Отказано в доступе. (0x5)
[0122/172711.553:ERROR:process_reader_win.cc(151)] SuspendThread: Отказано в доступе. (0x5)
[0122/172711.553:ERROR:process_reader_win.cc(151)] SuspendThread: Отказано в доступе. (0x5)
[0122/172711.553:ERROR:process_reader_win.cc(151)] SuspendThread: Отказано в доступе. (0x5)
[0122/172711.553:ERROR:process_reader_win.cc(151)] SuspendThread: Отказано в доступе. (0x5)
[0122/172711.553:ERROR:process_reader_win.cc(151)] SuspendThread: Отказано в доступе. (0x5)
[0122/172711.553:ERROR:process_reader_win.cc(151)] SuspendThread: Отказано в доступе. (0x5)
[0122/172711.553:ERROR:process_reader_win.cc(151)] SuspendThread: Отказано в доступе. (0x5)
[0122/172711.553:ERROR:process_reader_win.cc(151)] SuspendThread: Отказано в доступе. (0x5)
[0122/172711.553:ERROR:process_reader_win.cc(151)] SuspendThread: Отказано в доступе. (0x5)
[0122/172711.553:ERROR:process_reader_win.cc(151)] SuspendThread: Отказано в доступе. (0x5)
[0122/172711.553:ERROR:process_reader_win.cc(151)] SuspendThread: Отказано в доступе. (0x5)
[0122/172711.553:ERROR:process_reader_win.cc(151)] SuspendThread: Отказано в доступе. (0x5)
[0122/172711.553:ERROR:process_reader_win.cc(151)] SuspendThread: Отказано в доступе. (0x5)
[0122/172711.553:ERROR:process_reader_win.cc(151)] SuspendThread: Отказано в доступе. (0x5)
[0122/172711.553:ERROR:process_reader_win.cc(151)] SuspendThread: Отказано в доступе. (0x5)
[0122/172711.553:ERROR:process_reader_win.cc(151)] SuspendThread: Отказано в доступе. (0x5)
[0122/172711.553:ERROR:process_reader_win.cc(151)] SuspendThread: Отказано в доступе. (0x5)
[0122/172711.553:ERROR:process_reader_win.cc(151)] SuspendThread: Отказано в доступе. (0x5)
[0122/172711.553:ERROR:process_reader_win.cc(151)] SuspendThread: Отказано в доступе. (0x5)
[0122/172711.553:ERROR:process_reader_win.cc(151)] SuspendThread: Отказано в доступе. (0x5)
[0122/172711.553:ERROR:process_reader_win.cc(151)] SuspendThread: Отказано в доступе. (0x5)
[0122/172711.554:ERROR:process_reader_win.cc(151)] SuspendThread: Отказано в доступе. (0x5)
[0122/172711.554:ERROR:process_reader_win.cc(151)] SuspendThread: Отказано в доступе. (0x5)
[0122/172711.554:ERROR:process_reader_win.cc(151)] SuspendThread: Отказано в доступе. (0x5)
[0122/172711.554:ERROR:process_reader_win.cc(151)] SuspendThread: Отказано в доступе. (0x5)
[0122/172711.554:ERROR:process_reader_win.cc(123)] NtOpenThread: Указан неверный код клиента.  (0xc000000b)
[0122/172711.554:ERROR:process_reader_win.cc(151)] SuspendThread: Отказано в доступе. (0x5)
[0122/172711.554:ERROR:process_reader_win.cc(123)] NtOpenThread: Указан неверный код клиента.  (0xc000000b)
[0122/172711.554:ERROR:process_reader_win.cc(151)] SuspendThread: Отказано в доступе. (0x5)
[0122/172711.554:ERROR:process_reader_win.cc(151)] SuspendThread: Отказано в доступе. (0x5)
[0122/172711.554:ERROR:process_reader_win.cc(151)] SuspendThread: Отказано в доступе. (0x5)
[0122/172711.554:ERROR:process_reader_win.cc(123)] NtOpenThread: {Отказ доступа} Процесс запросил доступ к объекту, однако права доступа не предоставлены.  (0xc0000022)
[0122/172711.554:ERROR:exception_snapshot_win.cc(87)] thread ID 13256 not found in process
[0122/172711.554:WARNING:crash_report_exception_handler.cc(62)] ProcessSnapshotWin::Initialize failed
[0129/132250.446:ERROR:process_reader_win.cc(123)] NtOpenThread: {Отказ доступа} Процесс запросил доступ к объекту, однако права доступа не предоставлены.  (0xc0000022)
[0129/132250.508:ERROR:exception_snapshot_win.cc(87)] thread ID 13212 not found in process
[0129/132250.508:WARNING:crash_report_exception_handler.cc(62)] ProcessSnapshotWin::Initialize failed
[0129/135030.131:ERROR:process_reader_win.cc(123)] NtOpenThread: {Отказ доступа} Процесс запросил доступ к объекту, однако права доступа не предоставлены.  (0xc0000022)
[0129/135030.132:ERROR:exception_snapshot_win.cc(87)] thread ID 11544 not found in process
[0129/135030.132:WARNING:crash_report_exception_handler.cc(62)] ProcessSnapshotWin::Initialize failed
[0129/160852.953:ERROR:process_reader_win.cc(123)] NtOpenThread: {Отказ доступа} Процесс запросил доступ к объекту, однако права доступа не предоставлены.  (0xc0000022)
[0129/160852.954:ERROR:exception_snapshot_win.cc(87)] thread ID 13680 not found in process
[0129/160852.954:WARNING:crash_report_exception_handler.cc(62)] ProcessSnapshotWin::Initialize failed
[0129/161258.325:ERROR:process_reader_win.cc(123)] NtOpenThread: {Отказ доступа} Процесс запросил доступ к объекту, однако права доступа не предоставлены.  (0xc0000022)
[0129/161258.325:ERROR:exception_snapshot_win.cc(87)] thread ID 13276 not found in process
[0129/161258.325:WARNING:crash_report_exception_handler.cc(62)] ProcessSnapshotWin::Initialize failed
[0129/165117.794:ERROR:process_reader_win.cc(123)] NtOpenThread: {Отказ доступа} Процесс запросил доступ к объекту, однако права доступа не предоставлены.  (0xc0000022)
[0129/165117.795:ERROR:exception_snapshot_win.cc(87)] thread ID 12528 not found in process
[0129/165117.795:WARNING:crash_report_exception_handler.cc(62)] ProcessSnapshotWin::Initialize failed
[0129/170051.653:ERROR:process_reader_win.cc(123)] NtOpenThread: {Отказ доступа} Процесс запросил доступ к объекту, однако права доступа не предоставлены.  (0xc0000022)
[0129/170051.654:ERROR:exception_snapshot_win.cc(87)] thread ID 11528 not found in process
[0129/170051.654:WARNING:crash_report_exception_handler.cc(62)] ProcessSnapshotWin::Initialize failed
[0129/171750.791:ERROR:process_reader_win.cc(123)] NtOpenThread: {Отказ доступа} Процесс запросил доступ к объекту, однако права доступа не предоставлены.  (0xc0000022)
[0129/171750.792:ERROR:exception_snapshot_win.cc(87)] thread ID 13056 not found in process
[0129/171750.792:WARNING:crash_report_exception_handler.cc(62)] ProcessSnapshotWin::Initialize failed
[0129/171750.801:ERROR:process_reader_win.cc(123)] NtOpenThread: {Отказ доступа} Процесс запросил доступ к объекту, однако права доступа не предоставлены.  (0xc0000022)
[0129/171750.804:ERROR:exception_snapshot_win.cc(87)] thread ID 9656 not found in process
[0129/171750.804:WARNING:crash_report_exception_handler.cc(62)] ProcessSnapshotWin::Initialize failed
[0130/115309.011:ERROR:process_reader_win.cc(123)] NtOpenThread: {Отказ доступа} Процесс запросил доступ к объекту, однако права доступа не предоставлены.  (0xc0000022)
[0130/115309.014:ERROR:exception_snapshot_win.cc(87)] thread ID 14848 not found in process
[0130/115309.014:WARNING:crash_report_exception_handler.cc(62)] ProcessSnapshotWin::Initialize failed
[0130/134656.456:ERROR:process_reader_win.cc(151)] SuspendThread: Отказано в доступе. (0x5)
[0130/134656.458:ERROR:process_reader_win.cc(151)] SuspendThread: Отказано в доступе. (0x5)
[0130/134656.458:ERROR:process_reader_win.cc(151)] SuspendThread: Отказано в доступе. (0x5)
[0130/134656.458:ERROR:process_reader_win.cc(151)] SuspendThread: Отказано в доступе. (0x5)
[0130/134656.458:ERROR:process_reader_win.cc(151)] SuspendThread: Отказано в доступе. (0x5)
[0130/134656.458:ERROR:process_reader_win.cc(151)] SuspendThread: Отказано в доступе. (0x5)
[0130/134656.458:ERROR:process_reader_win.cc(151)] SuspendThread: Отказано в доступе. (0x5)
[0130/134656.458:ERROR:process_reader_win.cc(151)] SuspendThread: Отказано в доступе. (0x5)
[0130/134656.458:ERROR:process_reader_win.cc(151)] SuspendThread: Отказано в доступе. (0x5)
[0130/134656.458:ERROR:process_reader_win.cc(151)] SuspendThread: Отказано в доступе. (0x5)
[0130/134656.458:ERROR:process_reader_win.cc(151)] SuspendThread: Отказано в доступе. (0x5)
[0130/134656.458:ERROR:process_reader_win.cc(151)] SuspendThread: Отказано в доступе. (0x5)
[0130/134656.459:ERROR:process_reader_win.cc(151)] SuspendThread: Отказано в доступе. (0x5)
[0130/134656.459:ERROR:process_reader_win.cc(151)] SuspendThread: Отказано в доступе. (0x5)
[0130/134656.459:ERROR:process_reader_win.cc(151)] SuspendThread: Отказано в доступе. (0x5)
[0130/134656.459:ERROR:process_reader_win.cc(151)] SuspendThread: Отказано в доступе. (0x5)
[0130/134656.459:ERROR:process_reader_win.cc(151)] SuspendThread: Отказано в доступе. (0x5)
[0130/134656.459:ERROR:process_reader_win.cc(151)] SuspendThread: Отказано в доступе. (0x5)
[0130/134656.459:ERROR:process_reader_win.cc(123)] NtOpenThread: {Отказ доступа} Процесс запросил доступ к объекту, однако права доступа не предоставлены.  (0xc0000022)
[0130/134656.459:ERROR:exception_snapshot_win.cc(87)] thread ID 14996 not found in process
[0130/134656.459:WARNING:crash_report_exception_handler.cc(62)] ProcessSnapshotWin::Initialize failed
[0130/134656.456:ERROR:process_reader_win.cc(151)] SuspendThread: Отказано в доступе. (0x5)
[0130/134656.462:ERROR:process_reader_win.cc(151)] SuspendThread: Отказано в доступе. (0x5)
[0130/134656.462:ERROR:process_reader_win.cc(151)] SuspendThread: Отказано в доступе. (0x5)
[0130/134656.462:ERROR:process_reader_win.cc(151)] SuspendThread: Отказано в доступе. (0x5)
[0130/134656.463:ERROR:process_reader_win.cc(151)] SuspendThread: Отказано в доступе. (0x5)
[0130/134656.463:ERROR:process_reader_win.cc(123)] NtOpenThread: {Отказ доступа} Процесс запросил доступ к объекту, однако права доступа не предоставлены.  (0xc0000022)
[0130/134656.463:ERROR:exception_snapshot_win.cc(87)] thread ID 13116 not found in process
[0130/134656.463:WARNING:crash_report_exception_handler.cc(62)] ProcessSnapshotWin::Initialize failed
[0130/135009.506:ERROR:process_reader_win.cc(123)] NtOpenThread: {Отказ доступа} Процесс запросил доступ к объекту, однако права доступа не предоставлены.  (0xc0000022)
[0130/135009.508:ERROR:exception_snapshot_win.cc(87)] thread ID 13852 not found in process
[0130/135009.508:WARNING:crash_report_exception_handler.cc(62)] ProcessSnapshotWin::Initialize failed
[0130/141052.118:ERROR:process_reader_win.cc(123)] NtOpenThread: {Отказ доступа} Процесс запросил доступ к объекту, однако права доступа не предоставлены.  (0xc0000022)
[0130/141052.138:ERROR:exception_snapshot_win.cc(87)] thread ID 14252 not found in process
[0130/141052.138:WARNING:crash_report_exception_handler.cc(62)] ProcessSnapshotWin::Initialize failed
[0130/141052.154:ERROR:process_reader_win.cc(123)] NtOpenThread: {Отказ доступа} Процесс запросил доступ к объекту, однако права доступа не предоставлены.  (0xc0000022)
[0130/141052.156:ERROR:exception_snapshot_win.cc(87)] thread ID 7060 not found in process
[0130/141052.156:WARNING:crash_report_exception_handler.cc(62)] ProcessSnapshotWin::Initialize failed
[0130/141201.474:ERROR:process_reader_win.cc(123)] NtOpenThread: {Отказ доступа} Процесс запросил доступ к объекту, однако права доступа не предоставлены.  (0xc0000022)
[0130/141201.476:ERROR:exception_snapshot_win.cc(87)] thread ID 15528 not found in process
[0130/141201.476:WARNING:crash_report_exception_handler.cc(62)] ProcessSnapshotWin::Initialize failed
[0130/141201.502:ERROR:process_reader_win.cc(123)] NtOpenThread: {Отказ доступа} Процесс запросил доступ к объекту, однако права доступа не предоставлены.  (0xc0000022)
[0130/141201.504:ERROR:exception_snapshot_win.cc(87)] thread ID 11224 not found in process
[0130/141201.504:WARNING:crash_report_exception_handler.cc(62)] ProcessSnapshotWin::Initialize failed
[0130/141342.336:ERROR:process_reader_win.cc(123)] NtOpenThread: {Отказ доступа} Процесс запросил доступ к объекту, однако права доступа не предоставлены.  (0xc0000022)
[0130/141342.337:ERROR:exception_snapshot_win.cc(87)] thread ID 11016 not found in process
[0130/141342.338:WARNING:crash_report_exception_handler.cc(62)] ProcessSnapshotWin::Initialize failed
[0130/142840.862:ERROR:process_reader_win.cc(123)] NtOpenThread: {Отказ доступа} Процесс запросил доступ к объекту, однако права доступа не предоставлены.  (0xc0000022)
[0130/142840.863:ERROR:exception_snapshot_win.cc(87)] thread ID 2872 not found in process
[0130/142840.863:WARNING:crash_report_exception_handler.cc(62)] ProcessSnapshotWin::Initialize failed
[0130/143635.897:ERROR:process_reader_win.cc(123)] NtOpenThread: {Отказ доступа} Процесс запросил доступ к объекту, однако права доступа не предоставлены.  (0xc0000022)
[0130/143635.899:ERROR:exception_snapshot_win.cc(87)] thread ID 14800 not found in process
[0130/143635.900:WARNING:crash_report_exception_handler.cc(62)] ProcessSnapshotWin::Initialize failed
[0130/143635.905:ERROR:process_reader_win.cc(151)] SuspendThread: Отказано в доступе. (0x5)
[0130/143635.906:ERROR:process_reader_win.cc(151)] SuspendThread: Отказано в доступе. (0x5)
[0130/143635.906:ERROR:process_reader_win.cc(151)] SuspendThread: Отказано в доступе. (0x5)
[0130/143635.906:ERROR:process_reader_win.cc(151)] SuspendThread: Отказано в доступе. (0x5)
[0130/143635.906:ERROR:process_reader_win.cc(151)] SuspendThread: Отказано в доступе. (0x5)
[0130/143635.906:ERROR:process_reader_win.cc(151)] SuspendThread: Отказано в доступе. (0x5)
[0130/143635.906:ERROR:process_reader_win.cc(151)] SuspendThread: Отказано в доступе. (0x5)
[0130/143635.906:ERROR:process_reader_win.cc(123)] NtOpenThread: {Отказ доступа} Процесс запросил доступ к объекту, однако права доступа не предоставлены.  (0xc0000022)
[0130/143635.907:ERROR:exception_snapshot_win.cc(87)] thread ID 15516 not found in process
[0130/143635.907:WARNING:crash_report_exception_handler.cc(62)] ProcessSnapshotWin::Initialize failed
[0130/181413.390:ERROR:process_reader_win.cc(123)] NtOpenThread: {Отказ доступа} Процесс запросил доступ к объекту, однако права доступа не предоставлены.  (0xc0000022)
[0130/181413.391:ERROR:exception_snapshot_win.cc(87)] thread ID 8316 not found in process
[0130/181413.391:WARNING:crash_report_exception_handler.cc(62)] ProcessSnapshotWin::Initialize failed
[0131/125544.214:ERROR:process_reader_win.cc(123)] NtOpenThread: {Отказ доступа} Процесс запросил доступ к объекту, однако права доступа не предоставлены.  (0xc0000022)
[0131/125544.217:ERROR:exception_snapshot_win.cc(87)] thread ID 7348 not found in process
[0131/125544.217:WARNING:crash_report_exception_handler.cc(62)] ProcessSnapshotWin::Initialize failed
[0131/155147.061:ERROR:process_reader_win.cc(123)] NtOpenThread: {Отказ доступа} Процесс запросил доступ к объекту, однако права доступа не предоставлены.  (0xc0000022)
[0131/155147.062:ERROR:exception_snapshot_win.cc(87)] thread ID 13524 not found in process
[0131/155147.062:WARNING:crash_report_exception_handler.cc(62)] ProcessSnapshotWin::Initialize failed
[0131/155147.061:ERROR:process_reader_win.cc(123)] NtOpenThread: {Отказ доступа} Процесс запросил доступ к объекту, однако права доступа не предоставлены.  (0xc0000022)
[0131/155147.062:ERROR:exception_snapshot_win.cc(87)] thread ID 14408 not found in process
[0131/155147.062:WARNING:crash_report_exception_handler.cc(62)] ProcessSnapshotWin::Initialize failed
[0131/155748.388:ERROR:process_reader_win.cc(123)] NtOpenThread: {Отказ доступа} Процесс запросил доступ к объекту, однако права доступа не предоставлены.  (0xc0000022)
[0131/155748.389:ERROR:exception_snapshot_win.cc(87)] thread ID 14568 not found in process
[0131/155748.389:WARNING:crash_report_exception_handler.cc(62)] ProcessSnapshotWin::Initialize failed
[0131/174703.934:ERROR:process_reader_win.cc(123)] NtOpenThread: {Отказ доступа} Процесс запросил доступ к объекту, однако права доступа не предоставлены.  (0xc0000022)
[0131/174703.935:ERROR:exception_snapshot_win.cc(87)] thread ID 15412 not found in process
[0131/174703.935:WARNING:crash_report_exception_handler.cc(62)] ProcessSnapshotWin::Initialize failed
[0131/175522.592:ERROR:process_reader_win.cc(123)] NtOpenThread: {Отказ доступа} Процесс запросил доступ к объекту, однако права доступа не предоставлены.  (0xc0000022)
[0131/175522.595:ERROR:exception_snapshot_win.cc(87)] thread ID 15356 not found in process
[0131/175522.595:WARNING:crash_report_exception_handler.cc(62)] ProcessSnapshotWin::Initialize failed
[0201/150636.537:ERROR:process_reader_win.cc(123)] NtOpenThread: {Отказ доступа} Процесс запросил доступ к объекту, однако права доступа не предоставлены.  (0xc0000022)
[0201/150636.538:ERROR:exception_snapshot_win.cc(87)] thread ID 9728 not found in process
[0201/150636.538:WARNING:crash_report_exception_handler.cc(62)] ProcessSnapshotWin::Initialize failed
[0201/151336.093:ERROR:process_reader_win.cc(123)] NtOpenThread: {Отказ доступа} Процесс запросил доступ к объекту, однако права доступа не предоставлены.  (0xc0000022)
[0201/151336.094:ERROR:exception_snapshot_win.cc(87)] thread ID 15356 not found in process
[0201/151336.094:WARNING:crash_report_exception_handler.cc(62)] ProcessSnapshotWin::Initialize failed
[0201/152625.080:ERROR:process_reader_win.cc(123)] NtOpenThread: {Отказ доступа} Процесс запросил доступ к объекту, однако права доступа не предоставлены.  (0xc0000022)
[0201/152625.081:ERROR:exception_snapshot_win.cc(87)] thread ID 14536 not found in process
[0201/152625.081:WARNING:crash_report_exception_handler.cc(62)] ProcessSnapshotWin::Initialize failed
[0201/152625.089:ERROR:process_reader_win.cc(123)] NtOpenThread: {Отказ доступа} Процесс запросил доступ к объекту, однако права доступа не предоставлены.  (0xc0000022)
[0201/152625.092:ERROR:exception_snapshot_win.cc(87)] thread ID 7020 not found in process
[0201/152625.092:WARNING:crash_report_exception_handler.cc(62)] ProcessSnapshotWin::Initialize failed
[0201/153138.676:ERROR:process_reader_win.cc(123)] NtOpenThread: {Отказ доступа} Процесс запросил доступ к объекту, однако права доступа не предоставлены.  (0xc0000022)
[0201/153138.678:ERROR:exception_snapshot_win.cc(87)] thread ID 9532 not found in process
[0201/153138.678:WARNING:crash_report_exception_handler.cc(62)] ProcessSnapshotWin::Initialize failed
[0201/153317.372:ERROR:process_reader_win.cc(123)] NtOpenThread: {Отказ доступа} Процесс запросил доступ к объекту, однако права доступа не предоставлены.  (0xc0000022)
[0201/153317.373:ERROR:exception_snapshot_win.cc(87)] thread ID 14344 not found in process
[0201/153317.373:WARNING:crash_report_exception_handler.cc(62)] ProcessSnapshotWin::Initialize failed
[0201/153415.391:ERROR:process_reader_win.cc(123)] NtOpenThread: {Отказ доступа} Процесс запросил доступ к объекту, однако права доступа не предоставлены.  (0xc0000022)
[0201/153415.392:ERROR:exception_snapshot_win.cc(87)] thread ID 7016 not found in process
[0201/153415.392:WARNING:crash_report_exception_handler.cc(62)] ProcessSnapshotWin::Initialize failed
[0201/153823.249:ERROR:process_reader_win.cc(123)] NtOpenThread: {Отказ доступа} Процесс запросил доступ к объекту, однако права доступа не предоставлены.  (0xc0000022)
[0201/153823.250:ERROR:exception_snapshot_win.cc(87)] thread ID 14564 not found in process
[0201/153823.250:WARNING:crash_report_exception_handler.cc(62)] ProcessSnapshotWin::Initialize failed
[0201/161645.736:ERROR:process_reader_win.cc(123)] NtOpenThread: {Отказ доступа} Процесс запросил доступ к объекту, однако права доступа не предоставлены.  (0xc0000022)
[0201/161645.737:ERROR:exception_snapshot_win.cc(87)] thread ID 15780 not found in process
[0201/161645.737:WARNING:crash_report_exception_handler.cc(62)] ProcessSnapshotWin::Initialize failed
[0201/161939.746:ERROR:process_reader_win.cc(123)] NtOpenThread: {Отказ доступа} Процесс запросил доступ к объекту, однако права доступа не предоставлены.  (0xc0000022)
[0201/161939.749:ERROR:exception_snapshot_win.cc(87)] thread ID 16064 not found in process
[0201/161939.749:WARNING:crash_report_exception_handler.cc(62)] ProcessSnapshotWin::Initialize failed
[0202/102806.169:ERROR:process_reader_win.cc(123)] NtOpenThread: {Отказ доступа} Процесс запросил доступ к объекту, однако права доступа не предоставлены.  (0xc0000022)
[0202/102806.171:ERROR:exception_snapshot_win.cc(87)] thread ID 14532 not found in process
[0202/102806.171:WARNING:crash_report_exception_handler.cc(62)] ProcessSnapshotWin::Initialize failed
[0202/112401.222:ERROR:process_reader_win.cc(123)] NtOpenThread: {Отказ доступа} Процесс запросил доступ к объекту, однако права доступа не предоставлены.  (0xc0000022)
[0202/112401.224:ERROR:exception_snapshot_win.cc(87)] thread ID 10580 not found in process
[0202/112401.224:WARNING:crash_report_exception_handler.cc(62)] ProcessSnapshotWin::Initialize failed
[0202/113038.290:ERROR:process_reader_win.cc(123)] NtOpenThread: {Отказ доступа} Процесс запросил доступ к объекту, однако права доступа не предоставлены.  (0xc0000022)
[0202/113038.292:ERROR:exception_snapshot_win.cc(87)] thread ID 15376 not found in process
[0202/113038.292:WARNING:crash_report_exception_handler.cc(62)] ProcessSnapshotWin::Initialize failed
[0202/114355.724:ERROR:process_reader_win.cc(123)] NtOpenThread: {Отказ доступа} Процесс запросил доступ к объекту, однако права доступа не предоставлены.  (0xc0000022)
[0202/114355.725:ERROR:exception_snapshot_win.cc(87)] thread ID 7620 not found in process
[0202/114355.726:WARNING:crash_report_exception_handler.cc(62)] ProcessSnapshotWin::Initialize failed
[0202/115043.920:ERROR:process_reader_win.cc(123)] NtOpenThread: {Отказ доступа} Процесс запросил доступ к объекту, однако права доступа не предоставлены.  (0xc0000022)
[0202/115043.921:ERROR:exception_snapshot_win.cc(87)] thread ID 11444 not found in process
[0202/115043.921:WARNING:crash_report_exception_handler.cc(62)] ProcessSnapshotWin::Initialize failed
[0202/120824.379:ERROR:process_reader_win.cc(123)] NtOpenThread: {Отказ доступа} Процесс запросил доступ к объекту, однако права доступа не предоставлены.  (0xc0000022)
[0202/120824.382:ERROR:exception_snapshot_win.cc(87)] thread ID 13804 not found in process
[0202/120824.382:WARNING:crash_report_exception_handler.cc(62)] ProcessSnapshotWin::Initialize failed
[0202/123010.852:ERROR:process_reader_win.cc(123)] NtOpenThread: {Отказ доступа} Процесс запросил доступ к объекту, однако права доступа не предоставлены.  (0xc0000022)
[0202/123010.854:ERROR:exception_snapshot_win.cc(87)] thread ID 14360 not found in process
[0202/123010.854:WARNING:crash_report_exception_handler.cc(62)] ProcessSnapshotWin::Initialize failed
[0208/114326.275:ERROR:process_reader_win.cc(123)] NtOpenThread: {Отказ доступа} Процесс запросил доступ к объекту, однако права доступа не предоставлены.  (0xc0000022)
[0208/114326.280:ERROR:exception_snapshot_win.cc(87)] thread ID 4336 not found in process
[0208/114326.280:WARNING:crash_report_exception_handler.cc(62)] ProcessSnapshotWin::Initialize failed
[0208/114923.565:ERROR:process_reader_win.cc(123)] NtOpenThread: {Отказ доступа} Процесс запросил доступ к объекту, однако права доступа не предоставлены.  (0xc0000022)
[0208/114923.567:ERROR:exception_snapshot_win.cc(87)] thread ID 12748 not found in process
[0208/114923.567:WARNING:crash_report_exception_handler.cc(62)] ProcessSnapshotWin::Initialize failed
[0209/145857.264:ERROR:process_reader_win.cc(123)] NtOpenThread: {Отказ доступа} Процесс запросил доступ к объекту, однако права доступа не предоставлены.  (0xc0000022)
[0209/145857.265:ERROR:exception_snapshot_win.cc(87)] thread ID 13012 not found in process
[0209/145857.265:WARNING:crash_report_exception_handler.cc(62)] ProcessSnapshotWin::Initialize failed
[0209/150709.122:ERROR:process_reader_win.cc(123)] NtOpenThread: {Отказ доступа} Процесс запросил доступ к объекту, однако права доступа не предоставлены.  (0xc0000022)
[0209/150709.123:ERROR:exception_snapshot_win.cc(87)] thread ID 11128 not found in process
[0209/150709.123:WARNING:crash_report_exception_handler.cc(62)] ProcessSnapshotWin::Initialize failed
[0209/151732.537:ERROR:process_reader_win.cc(123)] NtOpenThread: {Отказ доступа} Процесс запросил доступ к объекту, однако права доступа не предоставлены.  (0xc0000022)
[0209/151732.539:ERROR:exception_snapshot_win.cc(87)] thread ID 16060 not found in process
[0209/151732.539:WARNING:crash_report_exception_handler.cc(62)] ProcessSnapshotWin::Initialize failed
[0209/153054.881:ERROR:process_reader_win.cc(123)] NtOpenThread: {Отказ доступа} Процесс запросил доступ к объекту, однако права доступа не предоставлены.  (0xc0000022)
[0209/153054.882:ERROR:exception_snapshot_win.cc(87)] thread ID 10840 not found in process
[0209/153054.882:WARNING:crash_report_exception_handler.cc(62)] ProcessSnapshotWin::Initialize failed
[0209/172437.001:ERROR:process_reader_win.cc(123)] NtOpenThread: {Отказ доступа} Процесс запросил доступ к объекту, однако права доступа не предоставлены.  (0xc0000022)
[0209/172437.004:ERROR:exception_snapshot_win.cc(87)] thread ID 12704 not found in process
[0209/172437.004:WARNING:crash_report_exception_handler.cc(62)] ProcessSnapshotWin::Initialize failed
[0209/172937.365:ERROR:process_reader_win.cc(151)] SuspendThread: Отказано в доступе. (0x5)
[0209/172937.366:ERROR:process_reader_win.cc(151)] SuspendThread: Отказано в доступе. (0x5)
[0209/172937.366:ERROR:process_reader_win.cc(151)] SuspendThread: Отказано в доступе. (0x5)
[0209/172937.366:ERROR:process_reader_win.cc(151)] SuspendThread: Отказано в доступе. (0x5)
[0209/172937.366:ERROR:process_reader_win.cc(123)] NtOpenThread: {Отказ доступа} Процесс запросил доступ к объекту, однако права доступа не предоставлены.  (0xc0000022)
[0209/172937.367:ERROR:exception_snapshot_win.cc(87)] thread ID 15964 not found in process
[0209/172937.367:WARNING:crash_report_exception_handler.cc(62)] ProcessSnapshotWin::Initialize failed
[0209/173254.411:ERROR:process_reader_win.cc(123)] NtOpenThread: {Отказ доступа} Процесс запросил доступ к объекту, однако права доступа не предоставлены.  (0xc0000022)
[0209/173254.412:ERROR:exception_snapshot_win.cc(87)] thread ID 16232 not found in process
[0209/173254.412:WARNING:crash_report_exception_handler.cc(62)] ProcessSnapshotWin::Initialize failed
[0209/173553.675:ERROR:process_reader_win.cc(123)] NtOpenThread: {Отказ доступа} Процесс запросил доступ к объекту, однако права доступа не предоставлены.  (0xc0000022)
[0209/173553.677:ERROR:exception_snapshot_win.cc(87)] thread ID 7584 not found in process
[0209/173553.677:WARNING:crash_report_exception_handler.cc(62)] ProcessSnapshotWin::Initialize failed
[0209/174232.488:ERROR:process_reader_win.cc(123)] NtOpenThread: {Отказ доступа} Процесс запросил доступ к объекту, однако права доступа не предоставлены.  (0xc0000022)
[0209/174232.490:ERROR:exception_snapshot_win.cc(87)] thread ID 8624 not found in process
[0209/174232.490:WARNING:crash_report_exception_handler.cc(62)] ProcessSnapshotWin::Initialize failed
[0209/175248.039:ERROR:process_reader_win.cc(123)] NtOpenThread: {Отказ доступа} Процесс запросил доступ к объекту, однако права доступа не предоставлены.  (0xc0000022)
[0209/175248.040:ERROR:exception_snapshot_win.cc(87)] thread ID 16164 not found in process
[0209/175248.040:WARNING:crash_report_exception_handler.cc(62)] ProcessSnapshotWin::Initialize failed
[0213/102411.164:ERROR:process_reader_win.cc(123)] NtOpenThread: {Отказ доступа} Процесс запросил доступ к объекту, однако права доступа не предоставлены.  (0xc0000022)
[0213/102411.166:ERROR:exception_snapshot_win.cc(87)] thread ID 16604 not found in process
[0213/102411.166:WARNING:crash_report_exception_handler.cc(62)] ProcessSnapshotWin::Initialize failed
[0213/105617.029:ERROR:process_reader_win.cc(123)] NtOpenThread: {Отказ доступа} Процесс запросил доступ к объекту, однако права доступа не предоставлены.  (0xc0000022)
[0213/105617.030:ERROR:exception_snapshot_win.cc(87)] thread ID 16476 not found in process
[0213/105617.030:WARNING:crash_report_exception_handler.cc(62)] ProcessSnapshotWin::Initialize failed
[0213/110350.627:ERROR:process_reader_win.cc(123)] NtOpenThread: {Отказ доступа} Процесс запросил доступ к объекту, однако права доступа не предоставлены.  (0xc0000022)
[0213/110350.633:ERROR:exception_snapshot_win.cc(87)] thread ID 17884 not found in process
[0213/110350.633:WARNING:crash_report_exception_handler.cc(62)] ProcessSnapshotWin::Initialize failed
[0213/150029.678:ERROR:process_reader_win.cc(123)] NtOpenThread: {Отказ доступа} Процесс запросил доступ к объекту, однако права доступа не предоставлены.  (0xc0000022)
[0213/150029.679:ERROR:exception_snapshot_win.cc(87)] thread ID 16244 not found in process
[0213/150029.679:WARNING:crash_report_exception_handler.cc(62)] ProcessSnapshotWin::Initialize failed
[0227/143556.490:ERROR:process_reader_win.cc(123)] NtOpenThread: {Отказ доступа} Процесс запросил доступ к объекту, однако права доступа не предоставлены. (0xc0000022)
[0227/143556.510:ERROR:exception_snapshot_win.cc(88)] thread ID 16908 not found in process
[0227/143556.510:WARNING:crash_report_exception_handler.cc(62)] ProcessSnapshotWin::Initialize failed
[0227/144722.573:ERROR:process_reader_win.cc(123)] NtOpenThread: {Отказ доступа} Процесс запросил доступ к объекту, однако права доступа не предоставлены. (0xc0000022)
[0227/144722.575:ERROR:exception_snapshot_win.cc(88)] thread ID 12552 not found in process
[0227/144722.575:WARNING:crash_report_exception_handler.cc(62)] ProcessSnapshotWin::Initialize failed
[0327/180224.975:ERROR:process_reader_win.cc(123)] NtOpenThread: {Отказ доступа} Процесс запросил доступ к объекту, однако права доступа не предоставлены. (0xc0000022)
[0327/180225.026:ERROR:exception_snapshot_win.cc(88)] thread ID 21208 not found in process
[0327/180225.026:WARNING:crash_report_exception_handler.cc(62)] ProcessSnapshotWin::Initialize failed
[0328/102624.546:ERROR:process_reader_win.cc(123)] NtOpenThread: {Отказ доступа} Процесс запросил доступ к объекту, однако права доступа не предоставлены. (0xc0000022)
[0328/102624.547:ERROR:exception_snapshot_win.cc(88)] thread ID 9136 not found in process
[0328/102624.547:WARNING:crash_report_exception_handler.cc(62)] ProcessSnapshotWin::Initialize failed
[0328/110931.782:ERROR:process_reader_win.cc(123)] NtOpenThread: {Отказ доступа} Процесс запросил доступ к объекту, однако права доступа не предоставлены. (0xc0000022)
[0328/110931.783:ERROR:exception_snapshot_win.cc(88)] thread ID 3868 not found in process
[0328/110931.783:WARNING:crash_report_exception_handler.cc(62)] ProcessSnapshotWin::Initialize failed
[0328/121334.489:ERROR:process_reader_win.cc(123)] NtOpenThread: {Отказ доступа} Процесс запросил доступ к объекту, однако права доступа не предоставлены. (0xc0000022)
[0328/121334.495:ERROR:exception_snapshot_win.cc(88)] thread ID 22208 not found in process
[0328/121334.495:WARNING:crash_report_exception_handler.cc(62)] ProcessSnapshotWin::Initialize failed
[0328/122152.962:ERROR:process_reader_win.cc(123)] NtOpenThread: {Отказ доступа} Процесс запросил доступ к объекту, однако права доступа не предоставлены. (0xc0000022)
[0328/122152.962:ERROR:exception_snapshot_win.cc(88)] thread ID 8392 not found in process
[0328/122152.962:WARNING:crash_report_exception_handler.cc(62)] ProcessSnapshotWin::Initialize failed
[0328/122152.952:ERROR:process_reader_win.cc(123)] NtOpenThread: {Отказ доступа} Процесс запросил доступ к объекту, однако права доступа не предоставлены. (0xc0000022)
[0328/122152.962:ERROR:exception_snapshot_win.cc(88)] thread ID 11064 not found in process
[0328/122152.962:WARNING:crash_report_exception_handler.cc(62)] ProcessSnapshotWin::Initialize failed
[0328/143511.166:ERROR:process_reader_win.cc(123)] NtOpenThread: {Отказ доступа} Процесс запросил доступ к объекту, однако права доступа не предоставлены. (0xc0000022)
[0328/143511.166:ERROR:exception_snapshot_win.cc(88)] thread ID 19152 not found in process
[0328/143511.166:WARNING:crash_report_exception_handler.cc(62)] ProcessSnapshotWin::Initialize failed
[0328/143511.186:ERROR:process_reader_win.cc(123)] NtOpenThread: {Отказ доступа} Процесс запросил доступ к объекту, однако права доступа не предоставлены. (0xc0000022)
[0328/143511.186:ERROR:exception_snapshot_win.cc(88)] thread ID 224 not found in process
[0328/143511.186:WARNING:crash_report_exception_handler.cc(62)] ProcessSnapshotWin::Initialize failed
[0328/145414.468:ERROR:process_reader_win.cc(123)] NtOpenThread: {Отказ доступа} Процесс запросил доступ к объекту, однако права доступа не предоставлены. (0xc0000022)
[0328/145414.470:ERROR:exception_snapshot_win.cc(88)] thread ID 23080 not found in process
[0328/145414.470:WARNING:crash_report_exception_handler.cc(62)] ProcessSnapshotWin::Initialize failed
[0329/141043.257:ERROR:process_reader_win.cc(123)] NtOpenThread: {Отказ доступа} Процесс запросил доступ к объекту, однако права доступа не предоставлены. (0xc0000022)
[0329/141043.257:ERROR:exception_snapshot_win.cc(88)] thread ID 9260 not found in process
[0329/141043.257:WARNING:crash_report_exception_handler.cc(62)] ProcessSnapshotWin::Initialize failed
[0329/173429.946:ERROR:process_reader_win.cc(123)] NtOpenThread: {Отказ доступа} Процесс запросил доступ к объекту, однако права доступа не предоставлены. (0xc0000022)
[0329/173429.948:ERROR:exception_snapshot_win.cc(88)] thread ID 17848 not found in process
[0329/173429.948:WARNING:crash_report_exception_handler.cc(62)] ProcessSnapshotWin::Initialize failed
[0329/173430.041:ERROR:process_reader_win.cc(123)] NtOpenThread: {Отказ доступа} Процесс запросил доступ к объекту, однако права доступа не предоставлены. (0xc0000022)
[0329/173430.041:ERROR:exception_snapshot_win.cc(88)] thread ID 17912 not found in process
[0329/173430.041:WARNING:crash_report_exception_handler.cc(62)] ProcessSnapshotWin::Initialize failed
[0329/173430.041:ERROR:process_reader_win.cc(123)] NtOpenThread: {Отказ доступа} Процесс запросил доступ к объекту, однако права доступа не предоставлены. (0xc0000022)
[0329/173430.041:ERROR:exception_snapshot_win.cc(88)] thread ID 21668 not found in process
[0329/173430.041:WARNING:crash_report_exception_handler.cc(62)] ProcessSnapshotWin::Initialize failed
[0329/173430.051:ERROR:process_reader_win.cc(123)] NtOpenThread: {Отказ доступа} Процесс запросил доступ к объекту, однако права доступа не предоставлены. (0xc0000022)
[0329/173430.051:ERROR:exception_snapshot_win.cc(88)] thread ID 10632 not found in process
[0329/173430.051:WARNING:crash_report_exception_handler.cc(62)] ProcessSnapshotWin::Initialize failed
[0419/105323.602:ERROR:process_reader_win.cc(123)] NtOpenThread: {Отказ доступа} Процесс запросил доступ к объекту, однако права доступа не предоставлены. (0xc0000022)
[0419/105323.799:ERROR:exception_snapshot_win.cc(88)] thread ID 36432 not found in process
[0419/105323.799:WARNING:crash_report_exception_handler.cc(62)] ProcessSnapshotWin::Initialize failed
